<?xml version="1.0" encoding="UTF-8"?>
<!-- Generated by org.testng.reporters.JUnitReportReporter -->
<testsuite hostname="CDC2-L-138LY8D" failures="0" tests="1" name="restAssuredLearnings.GetRequestExample" time="1.845" errors="0" timestamp="2022-08-05T13:13:19 IST" skipped="0">
  <testcase classname="restAssuredLearnings.GetRequestExample" name="getRequestviaBDD" time="1.845"/>
  <system-out/>
</testsuite> <!-- restAssuredLearnings.GetRequestExample -->
