<?xml version="1.0" encoding="UTF-8"?>
<!-- Generated by org.testng.reporters.JUnitReportReporter -->
<testsuite hostname="CDC2-L-138LY8D" failures="0" tests="1" name="mySampleJSONServer.SamplePutRequestExample" time="1.420" errors="0" timestamp="2022-08-05T16:53:43 IST" skipped="0">
  <testcase classname="mySampleJSONServer.SamplePutRequestExample" name="patchMethodWithouBDD" time="1.420"/>
  <system-out/>
</testsuite> <!-- mySampleJSONServer.SamplePutRequestExample -->
