<?xml version="1.0" encoding="UTF-8"?>
<!-- Generated by org.testng.reporters.JUnitReportReporter -->
<testsuite hostname="CDC2-L-138LY8D" failures="0" tests="1" name="restAssuredLearnings.PutandPatchRequestExample" time="2.447" errors="0" timestamp="2022-08-05T15:33:51 IST" skipped="0">
  <testcase classname="restAssuredLearnings.PutandPatchRequestExample" name="deleteRequestwithoutBDD" time="2.447"/>
  <system-out/>
</testsuite> <!-- restAssuredLearnings.PutandPatchRequestExample -->
