<?xml version="1.0" encoding="UTF-8"?>
<!-- Generated by org.testng.reporters.JUnitReportReporter -->
<testsuite hostname="CDC2-L-138LY8D" failures="0" tests="1" name="mySampleJSONServer.SamplePostRequestExample" time="1.935" errors="0" timestamp="2022-08-17T17:44:06 IST" skipped="0">
  <testcase classname="mySampleJSONServer.SamplePostRequestExample" name="postMethodWithoutBDD" time="1.935"/>
  <system-out/>
</testsuite> <!-- mySampleJSONServer.SamplePostRequestExample -->
