<?xml version="1.0" encoding="UTF-8"?>
<!-- Generated by org.testng.reporters.JUnitReportReporter -->
<testsuite hostname="CDC2-L-138LY8D" failures="0" tests="1" name="restAssuredLearnings.PostRequestExample" time="2.192" errors="0" timestamp="2022-08-05T14:56:07 IST" skipped="0">
  <testcase classname="restAssuredLearnings.PostRequestExample" name="postMethod" time="2.192"/>
  <system-out/>
</testsuite> <!-- restAssuredLearnings.PostRequestExample -->
