<?xml version="1.0" encoding="UTF-8"?>
<!-- Generated by org.testng.reporters.JUnitReportReporter -->
<testsuite hostname="CDC2-L-138LY8D" failures="0" tests="1" name="mySampleJSONServer.SampleGetRequestExample" time="1.659" errors="0" timestamp="2022-08-17T11:31:36 IST" skipped="0">
  <testcase classname="mySampleJSONServer.SampleGetRequestExample" name="getMethodExample" time="1.659"/>
  <system-out/>
</testsuite> <!-- mySampleJSONServer.SampleGetRequestExample -->
